<?xml version="1.0" encoding="UTF-8"?>
<!-- Generated by org.testng.reporters.JUnitReportReporter -->
<testsuite skipped="0" hostname="C02Q46K2FVH7" name="Zomato.Zomatoapiautomation.GetCategories" tests="3" failures="0" timestamp="26 Jul 2020 07:02:32 GMT" time="3.456" errors="0">
  <testcase name="categories" time="3.274" classname="Zomato.Zomatoapiautomation.GetCategories"/>
  <testcase name="validatesize" time="0.006" classname="Zomato.Zomatoapiautomation.GetCategories"/>
  <testcase name="catname" time="0.176" classname="Zomato.Zomatoapiautomation.GetCategories"/>
</testsuite> <!-- Zomato.Zomatoapiautomation.GetCategories -->
